Determining if the pthread_create exist failed with the following output:
Change Dir: /home/dong/Project/master/build/CMakeFiles/CMakeTmp

Run Build Command:/usr/bin/make "cmTryCompileExec2849022881/fast"
/usr/bin/make -f CMakeFiles/cmTryCompileExec2849022881.dir/build.make CMakeFiles/cmTryCompileExec2849022881.dir/build
make[1]: 正在进入目录 `/home/dong/Project/master/build/CMakeFiles/CMakeTmp'
/usr/bin/cmake -E cmake_progress_report /home/dong/Project/master/build/CMakeFiles/CMakeTmp/CMakeFiles 1
Building C object CMakeFiles/cmTryCompileExec2849022881.dir/CheckSymbolExists.c.o
/usr/bin/cc    -o CMakeFiles/cmTryCompileExec2849022881.dir/CheckSymbolExists.c.o   -c /home/dong/Project/master/build/CMakeFiles/CMakeTmp/CheckSymbolExists.c
Linking C executable cmTryCompileExec2849022881
/usr/bin/cmake -E cmake_link_script CMakeFiles/cmTryCompileExec2849022881.dir/link.txt --verbose=1
/usr/bin/cc       CMakeFiles/cmTryCompileExec2849022881.dir/CheckSymbolExists.c.o  -o cmTryCompileExec2849022881 -rdynamic 
CMakeFiles/cmTryCompileExec2849022881.dir/CheckSymbolExists.c.o：在函数‘main’中：
CheckSymbolExists.c:(.text+0x16)：对‘pthread_create’未定义的引用
collect2: error: ld returned 1 exit status
make[1]:正在离开目录 `/home/dong/Project/master/build/CMakeFiles/CMakeTmp'
make[1]: *** [cmTryCompileExec2849022881] 错误 1
make: *** [cmTryCompileExec2849022881/fast] 错误 2

File /home/dong/Project/master/build/CMakeFiles/CMakeTmp/CheckSymbolExists.c:
/* */
#include <pthread.h>

int main(int argc, char** argv)
{
  (void)argv;
#ifndef pthread_create
  return ((int*)(&pthread_create))[argc];
#else
  (void)argc;
  return 0;
#endif
}

Determining if the function pthread_create exists in the pthreads failed with the following output:
Change Dir: /home/dong/Project/master/build/CMakeFiles/CMakeTmp

Run Build Command:/usr/bin/make "cmTryCompileExec1084848494/fast"
/usr/bin/make -f CMakeFiles/cmTryCompileExec1084848494.dir/build.make CMakeFiles/cmTryCompileExec1084848494.dir/build
make[1]: 正在进入目录 `/home/dong/Project/master/build/CMakeFiles/CMakeTmp'
/usr/bin/cmake -E cmake_progress_report /home/dong/Project/master/build/CMakeFiles/CMakeTmp/CMakeFiles 1
Building C object CMakeFiles/cmTryCompileExec1084848494.dir/CheckFunctionExists.c.o
/usr/bin/cc   -DCHECK_FUNCTION_EXISTS=pthread_create   -o CMakeFiles/cmTryCompileExec1084848494.dir/CheckFunctionExists.c.o   -c /usr/share/cmake-2.8/Modules/CheckFunctionExists.c
Linking C executable cmTryCompileExec1084848494
/usr/bin/cmake -E cmake_link_script CMakeFiles/cmTryCompileExec1084848494.dir/link.txt --verbose=1
/usr/bin/cc   -DCHECK_FUNCTION_EXISTS=pthread_create    CMakeFiles/cmTryCompileExec1084848494.dir/CheckFunctionExists.c.o  -o cmTryCompileExec1084848494 -rdynamic -lpthreads 
/usr/bin/ld: 找不到 -lpthreads
collect2: error: ld returned 1 exit status
make[1]: *** [cmTryCompileExec1084848494] 错误 1
make[1]:正在离开目录 `/home/dong/Project/master/build/CMakeFiles/CMakeTmp'
make: *** [cmTryCompileExec1084848494/fast] 错误 2


Determining if the Q_WS_WIN exist failed with the following output:
Change Dir: /home/dong/Project/master/build/CMakeFiles/CMakeTmp

Run Build Command:"/usr/bin/make" "cmTryCompileExec1797355184/fast"
/usr/bin/make -f CMakeFiles/cmTryCompileExec1797355184.dir/build.make CMakeFiles/cmTryCompileExec1797355184.dir/build
make[1]: 正在进入目录 `/home/dong/Project/master/build/CMakeFiles/CMakeTmp'
/usr/bin/cmake -E cmake_progress_report /home/dong/Project/master/build/CMakeFiles/CMakeTmp/CMakeFiles 1
Building CXX object CMakeFiles/cmTryCompileExec1797355184.dir/CheckSymbolExists.cxx.o
/usr/bin/c++    -I/usr/include/qt4    -o CMakeFiles/cmTryCompileExec1797355184.dir/CheckSymbolExists.cxx.o -c /home/dong/Project/master/build/CMakeFiles/CMakeTmp/CheckSymbolExists.cxx
/home/dong/Project/master/build/CMakeFiles/CMakeTmp/CheckSymbolExists.cxx: In function ‘int main(int, char**)’:
/home/dong/Project/master/build/CMakeFiles/CMakeTmp/CheckSymbolExists.cxx:8:19: error: ‘Q_WS_WIN’ was not declared in this scope
   return ((int*)(&Q_WS_WIN))[argc];
                   ^
make[1]: *** [CMakeFiles/cmTryCompileExec1797355184.dir/CheckSymbolExists.cxx.o] 错误 1
make[1]:正在离开目录 `/home/dong/Project/master/build/CMakeFiles/CMakeTmp'
make: *** [cmTryCompileExec1797355184/fast] 错误 2

File /home/dong/Project/master/build/CMakeFiles/CMakeTmp/CheckSymbolExists.cxx:
/* */
#include <QtCore/qglobal.h>

int main(int argc, char** argv)
{
  (void)argv;
#ifndef Q_WS_WIN
  return ((int*)(&Q_WS_WIN))[argc];
#else
  (void)argc;
  return 0;
#endif
}

Determining if the Q_WS_QWS exist failed with the following output:
Change Dir: /home/dong/Project/master/build/CMakeFiles/CMakeTmp

Run Build Command:"/usr/bin/make" "cmTryCompileExec286144177/fast"
/usr/bin/make -f CMakeFiles/cmTryCompileExec286144177.dir/build.make CMakeFiles/cmTryCompileExec286144177.dir/build
make[1]: 正在进入目录 `/home/dong/Project/master/build/CMakeFiles/CMakeTmp'
/usr/bin/cmake -E cmake_progress_report /home/dong/Project/master/build/CMakeFiles/CMakeTmp/CMakeFiles 1
Building CXX object CMakeFiles/cmTryCompileExec286144177.dir/CheckSymbolExists.cxx.o
/usr/bin/c++    -I/usr/include/qt4    -o CMakeFiles/cmTryCompileExec286144177.dir/CheckSymbolExists.cxx.o -c /home/dong/Project/master/build/CMakeFiles/CMakeTmp/CheckSymbolExists.cxx
/home/dong/Project/master/build/CMakeFiles/CMakeTmp/CheckSymbolExists.cxx: In function ‘int main(int, char**)’:
/home/dong/Project/master/build/CMakeFiles/CMakeTmp/CheckSymbolExists.cxx:8:19: error: ‘Q_WS_QWS’ was not declared in this scope
   return ((int*)(&Q_WS_QWS))[argc];
                   ^
make[1]: *** [CMakeFiles/cmTryCompileExec286144177.dir/CheckSymbolExists.cxx.o] 错误 1
make[1]:正在离开目录 `/home/dong/Project/master/build/CMakeFiles/CMakeTmp'
make: *** [cmTryCompileExec286144177/fast] 错误 2

File /home/dong/Project/master/build/CMakeFiles/CMakeTmp/CheckSymbolExists.cxx:
/* */
#include <QtCore/qglobal.h>

int main(int argc, char** argv)
{
  (void)argv;
#ifndef Q_WS_QWS
  return ((int*)(&Q_WS_QWS))[argc];
#else
  (void)argc;
  return 0;
#endif
}

Determining if the Q_WS_MAC exist failed with the following output:
Change Dir: /home/dong/Project/master/build/CMakeFiles/CMakeTmp

Run Build Command:"/usr/bin/make" "cmTryCompileExec1090442388/fast"
/usr/bin/make -f CMakeFiles/cmTryCompileExec1090442388.dir/build.make CMakeFiles/cmTryCompileExec1090442388.dir/build
make[1]: 正在进入目录 `/home/dong/Project/master/build/CMakeFiles/CMakeTmp'
/usr/bin/cmake -E cmake_progress_report /home/dong/Project/master/build/CMakeFiles/CMakeTmp/CMakeFiles 1
Building CXX object CMakeFiles/cmTryCompileExec1090442388.dir/CheckSymbolExists.cxx.o
/usr/bin/c++    -I/usr/include/qt4    -o CMakeFiles/cmTryCompileExec1090442388.dir/CheckSymbolExists.cxx.o -c /home/dong/Project/master/build/CMakeFiles/CMakeTmp/CheckSymbolExists.cxx
/home/dong/Project/master/build/CMakeFiles/CMakeTmp/CheckSymbolExists.cxx: In function ‘int main(int, char**)’:
/home/dong/Project/master/build/CMakeFiles/CMakeTmp/CheckSymbolExists.cxx:8:19: error: ‘Q_WS_MAC’ was not declared in this scope
   return ((int*)(&Q_WS_MAC))[argc];
                   ^
make[1]: *** [CMakeFiles/cmTryCompileExec1090442388.dir/CheckSymbolExists.cxx.o] 错误 1
make[1]:正在离开目录 `/home/dong/Project/master/build/CMakeFiles/CMakeTmp'
make: *** [cmTryCompileExec1090442388/fast] 错误 2

File /home/dong/Project/master/build/CMakeFiles/CMakeTmp/CheckSymbolExists.cxx:
/* */
#include <QtCore/qglobal.h>

int main(int argc, char** argv)
{
  (void)argv;
#ifndef Q_WS_MAC
  return ((int*)(&Q_WS_MAC))[argc];
#else
  (void)argc;
  return 0;
#endif
}

