Determining if the pthread_create exist failed with the following output:
Change Dir: /home/dong/Project/robot_test/src/falcon/build/CMakeFiles/CMakeTmp

Run Build Command:/usr/bin/make "cmTryCompileExec83898369/fast"
make[1]: 正在进入目录 `/home/dong/Project/robot_test/src/falcon/build/CMakeFiles/CMakeTmp'
/usr/bin/make -f CMakeFiles/cmTryCompileExec83898369.dir/build.make CMakeFiles/cmTryCompileExec83898369.dir/build
make[2]: 正在进入目录 `/home/dong/Project/robot_test/src/falcon/build/CMakeFiles/CMakeTmp'
/usr/bin/cmake -E cmake_progress_report /home/dong/Project/robot_test/src/falcon/build/CMakeFiles/CMakeTmp/CMakeFiles 1
Building C object CMakeFiles/cmTryCompileExec83898369.dir/CheckSymbolExists.c.o
/usr/bin/cc    -o CMakeFiles/cmTryCompileExec83898369.dir/CheckSymbolExists.c.o   -c /home/dong/Project/robot_test/src/falcon/build/CMakeFiles/CMakeTmp/CheckSymbolExists.c
Linking C executable cmTryCompileExec83898369
/usr/bin/cmake -E cmake_link_script CMakeFiles/cmTryCompileExec83898369.dir/link.txt --verbose=1
/usr/bin/cc       CMakeFiles/cmTryCompileExec83898369.dir/CheckSymbolExists.c.o  -o cmTryCompileExec83898369 -rdynamic 
CMakeFiles/cmTryCompileExec83898369.dir/CheckSymbolExists.c.o：在函数‘main’中：
CheckSymbolExists.c:(.text+0x16)：对‘pthread_create’未定义的引用
collect2: error: ld returned 1 exit status
make[2]: *** [cmTryCompileExec83898369] 错误 1
make[2]:正在离开目录 `/home/dong/Project/robot_test/src/falcon/build/CMakeFiles/CMakeTmp'
make[1]: *** [cmTryCompileExec83898369/fast] 错误 2
make[1]:正在离开目录 `/home/dong/Project/robot_test/src/falcon/build/CMakeFiles/CMakeTmp'

File /home/dong/Project/robot_test/src/falcon/build/CMakeFiles/CMakeTmp/CheckSymbolExists.c:
/* */
#include <pthread.h>

int main(int argc, char** argv)
{
  (void)argv;
#ifndef pthread_create
  return ((int*)(&pthread_create))[argc];
#else
  (void)argc;
  return 0;
#endif
}

Determining if the function pthread_create exists in the pthreads failed with the following output:
Change Dir: /home/dong/Project/robot_test/src/falcon/build/CMakeFiles/CMakeTmp

Run Build Command:/usr/bin/make "cmTryCompileExec3788859510/fast"
make[1]: 正在进入目录 `/home/dong/Project/robot_test/src/falcon/build/CMakeFiles/CMakeTmp'
/usr/bin/make -f CMakeFiles/cmTryCompileExec3788859510.dir/build.make CMakeFiles/cmTryCompileExec3788859510.dir/build
make[2]: 正在进入目录 `/home/dong/Project/robot_test/src/falcon/build/CMakeFiles/CMakeTmp'
/usr/bin/cmake -E cmake_progress_report /home/dong/Project/robot_test/src/falcon/build/CMakeFiles/CMakeTmp/CMakeFiles 1
Building C object CMakeFiles/cmTryCompileExec3788859510.dir/CheckFunctionExists.c.o
/usr/bin/cc   -DCHECK_FUNCTION_EXISTS=pthread_create   -o CMakeFiles/cmTryCompileExec3788859510.dir/CheckFunctionExists.c.o   -c /usr/share/cmake-2.8/Modules/CheckFunctionExists.c
Linking C executable cmTryCompileExec3788859510
/usr/bin/cmake -E cmake_link_script CMakeFiles/cmTryCompileExec3788859510.dir/link.txt --verbose=1
/usr/bin/cc   -DCHECK_FUNCTION_EXISTS=pthread_create    CMakeFiles/cmTryCompileExec3788859510.dir/CheckFunctionExists.c.o  -o cmTryCompileExec3788859510 -rdynamic -lpthreads 
/usr/bin/ld: 找不到 -lpthreads
collect2: error: ld returned 1 exit status
make[2]: *** [cmTryCompileExec3788859510] 错误 1
make[2]:正在离开目录 `/home/dong/Project/robot_test/src/falcon/build/CMakeFiles/CMakeTmp'
make[1]:正在离开目录 `/home/dong/Project/robot_test/src/falcon/build/CMakeFiles/CMakeTmp'
make[1]: *** [cmTryCompileExec3788859510/fast] 错误 2


