Determining if the pthread_create exist failed with the following output:
Change Dir: /home/dong/Project/robot_test/build/CMakeFiles/CMakeTmp

Run Build Command:/usr/bin/make "cmTryCompileExec2097947031/fast"
/usr/bin/make -f CMakeFiles/cmTryCompileExec2097947031.dir/build.make CMakeFiles/cmTryCompileExec2097947031.dir/build
make[1]: 正在进入目录 `/home/dong/Project/robot_test/build/CMakeFiles/CMakeTmp'
/usr/bin/cmake -E cmake_progress_report /home/dong/Project/robot_test/build/CMakeFiles/CMakeTmp/CMakeFiles 1
Building C object CMakeFiles/cmTryCompileExec2097947031.dir/CheckSymbolExists.c.o
/usr/bin/cc    -o CMakeFiles/cmTryCompileExec2097947031.dir/CheckSymbolExists.c.o   -c /home/dong/Project/robot_test/build/CMakeFiles/CMakeTmp/CheckSymbolExists.c
Linking C executable cmTryCompileExec2097947031
/usr/bin/cmake -E cmake_link_script CMakeFiles/cmTryCompileExec2097947031.dir/link.txt --verbose=1
/usr/bin/cc       CMakeFiles/cmTryCompileExec2097947031.dir/CheckSymbolExists.c.o  -o cmTryCompileExec2097947031 -rdynamic 
CMakeFiles/cmTryCompileExec2097947031.dir/CheckSymbolExists.c.o：在函数‘main’中：
CheckSymbolExists.c:(.text+0x16)：对‘pthread_create’未定义的引用
collect2: error: ld returned 1 exit status
make[1]: *** [cmTryCompileExec2097947031] 错误 1
make[1]:正在离开目录 `/home/dong/Project/robot_test/build/CMakeFiles/CMakeTmp'
make: *** [cmTryCompileExec2097947031/fast] 错误 2

File /home/dong/Project/robot_test/build/CMakeFiles/CMakeTmp/CheckSymbolExists.c:
/* */
#include <pthread.h>

int main(int argc, char** argv)
{
  (void)argv;
#ifndef pthread_create
  return ((int*)(&pthread_create))[argc];
#else
  (void)argc;
  return 0;
#endif
}

Determining if the function pthread_create exists in the pthreads failed with the following output:
Change Dir: /home/dong/Project/robot_test/build/CMakeFiles/CMakeTmp

Run Build Command:/usr/bin/make "cmTryCompileExec3455317745/fast"
/usr/bin/make -f CMakeFiles/cmTryCompileExec3455317745.dir/build.make CMakeFiles/cmTryCompileExec3455317745.dir/build
make[1]: 正在进入目录 `/home/dong/Project/robot_test/build/CMakeFiles/CMakeTmp'
/usr/bin/cmake -E cmake_progress_report /home/dong/Project/robot_test/build/CMakeFiles/CMakeTmp/CMakeFiles 1
Building C object CMakeFiles/cmTryCompileExec3455317745.dir/CheckFunctionExists.c.o
/usr/bin/cc   -DCHECK_FUNCTION_EXISTS=pthread_create   -o CMakeFiles/cmTryCompileExec3455317745.dir/CheckFunctionExists.c.o   -c /usr/share/cmake-2.8/Modules/CheckFunctionExists.c
Linking C executable cmTryCompileExec3455317745
/usr/bin/cmake -E cmake_link_script CMakeFiles/cmTryCompileExec3455317745.dir/link.txt --verbose=1
/usr/bin/cc   -DCHECK_FUNCTION_EXISTS=pthread_create    CMakeFiles/cmTryCompileExec3455317745.dir/CheckFunctionExists.c.o  -o cmTryCompileExec3455317745 -rdynamic -lpthreads 
/usr/bin/ld: 找不到 -lpthreads
collect2: error: ld returned 1 exit status
make[1]: *** [cmTryCompileExec3455317745] 错误 1
make[1]:正在离开目录 `/home/dong/Project/robot_test/build/CMakeFiles/CMakeTmp'
make: *** [cmTryCompileExec3455317745/fast] 错误 2


